<?xml version="1.0" encoding="UTF-8"?>
<!-- Generated by org.testng.reporters.JUnitReportReporter -->
<testsuite skipped="0" hostname="CybertekSchools-iMac-2.local" name="AppBeforeAfterSuit" tests="3" failures="0" timestamp="03 Dec 2018 17:53:18 GMT" time="0.012" errors="0">
  <testcase name="LoginTest" time="0.008" classname="AppBeforeAfterSuit"/>
  <testcase name="PasswordChange" time="0.003" classname="AppBeforeAfterSuit"/>
  <testcase name="LogoutTest" time="0.001" classname="AppBeforeAfterSuit"/>
</testsuite> <!-- AppBeforeAfterSuit -->
