<?xml version="1.0" encoding="UTF-8"?>
<!-- Generated by org.testng.reporters.JUnitReportReporter -->
<testsuite skipped="0" hostname="CybertekSchools-iMac-2.local" name="AppBeforeAfterMethod" tests="3" failures="0" timestamp="03 Dec 2018 17:47:19 GMT" time="0.011" errors="0">
  <testcase name="LoginTest" time="0.008" classname="AppBeforeAfterMethod"/>
  <testcase name="PasswordChange" time="0.001" classname="AppBeforeAfterMethod"/>
  <testcase name="LogoutTest" time="0.002" classname="AppBeforeAfterMethod"/>
</testsuite> <!-- AppBeforeAfterMethod -->
