<?xml version="1.0" encoding="UTF-8"?>
<!-- Generated by org.testng.reporters.JUnitReportReporter -->
<testsuite skipped="3" hostname="CybertekSchools-iMac-2.local" name="AppDependsOnMethods" tests="4" failures="0" timestamp="03 Dec 2018 19:51:10 GMT" time="0.009" errors="0">
  <testcase name="LoginTest" time="0.008" classname="AppDependsOnMethods">
    <skipped/>
  </testcase> <!-- LoginTest -->
  <testcase name="PasswordChange" time="0.000" classname="AppDependsOnMethods">
    <skipped/>
  </testcase> <!-- PasswordChange -->
  <testcase name="LogoutTest" time="0.000" classname="AppDependsOnMethods">
    <skipped/>
  </testcase> <!-- LogoutTest -->
  <testcase name="LogoutTest2" time="0.001" classname="AppDependsOnMethods"/>
</testsuite> <!-- AppDependsOnMethods -->
