<?xml version="1.0" encoding="UTF-8"?>
<!-- Generated by org.testng.reporters.JUnitReportReporter -->
<testsuite skipped="2" hostname="CybertekSchools-iMac-2.local" name="AppSkipTest" tests="3" failures="0" timestamp="03 Dec 2018 18:04:43 GMT" time="0.017" errors="0">
  <testcase name="PasswordChange" time="0.016" classname="AppSkipTest">
    <skipped/>
  </testcase> <!-- PasswordChange -->
  <testcase name="LogoutTest" time="0.001" classname="AppSkipTest"/>
  <testcase name="LoginTest" classname="AppSkipTest">
    <skipped/>
  </testcase> <!-- LoginTest -->
</testsuite> <!-- AppSkipTest -->
