<?xml version="1.0" encoding="UTF-8"?>
<!-- Generated by org.testng.reporters.JUnitReportReporter -->
<testsuite skipped="0" hostname="CybertekSchools-iMac-2.local" name="AppPriority" tests="3" failures="0" timestamp="03 Dec 2018 17:38:34 GMT" time="0.010" errors="0">
  <testcase name="LoginTest" time="0.007" classname="AppPriority"/>
  <testcase name="PasswordChange" time="0.002" classname="AppPriority"/>
  <testcase name="LogoutTest" time="0.001" classname="AppPriority"/>
</testsuite> <!-- AppPriority -->
