<?xml version="1.0" encoding="UTF-8"?>
<!-- Generated by org.testng.reporters.JUnitReportReporter -->
<testsuite skipped="3" hostname="CybertekSchools-iMac-2.local" name="testcases.Task_TESTNG" tests="4" failures="0" timestamp="04 Dec 2018 19:20:13 GMT" time="0.010" errors="0">
  <testcase name="register" time="0.004" classname="testcases.Task_TESTNG"/>
  <testcase name="search" time="0.006" classname="testcases.Task_TESTNG">
    <skipped/>
  </testcase> <!-- search -->
  <testcase name="buy" time="0.000" classname="testcases.Task_TESTNG">
    <skipped/>
  </testcase> <!-- buy -->
  <testcase name="pay" time="0.000" classname="testcases.Task_TESTNG">
    <skipped/>
  </testcase> <!-- pay -->
</testsuite> <!-- testcases.Task_TESTNG -->
