<?xml version="1.0" encoding="UTF-8"?>
<!-- Generated by org.testng.reporters.JUnitReportReporter -->
<testsuite skipped="3" hostname="CybertekSchools-iMac-2.local" name="Task_TESTNG" tests="4" failures="0" timestamp="03 Dec 2018 20:10:17 GMT" time="0.014" errors="0">
  <testcase name="register" time="0.012" classname="Task_TESTNG"/>
  <testcase name="search" time="0.002" classname="Task_TESTNG">
    <skipped/>
  </testcase> <!-- search -->
  <testcase name="buy" time="0.000" classname="Task_TESTNG">
    <skipped/>
  </testcase> <!-- buy -->
  <testcase name="pay" time="0.000" classname="Task_TESTNG">
    <skipped/>
  </testcase> <!-- pay -->
</testsuite> <!-- Task_TESTNG -->
