<?xml version="1.0" encoding="UTF-8"?>
<!-- Generated by org.testng.reporters.JUnitReportReporter -->
<testsuite skipped="1" hostname="CybertekSchools-iMac-2.local" name="testcases.AppDataProvider" tests="4" failures="0" timestamp="04 Dec 2018 19:38:17 GMT" time="0.002" errors="0">
  <testcase name="logintest2" time="0.000" classname="testcases.AppDataProvider"/>
  <testcase name="logintest2" time="0.001" classname="testcases.AppDataProvider"/>
  <testcase name="logintest2" time="0.001" classname="testcases.AppDataProvider"/>
  <testcase name="loginTest" classname="testcases.AppDataProvider">
    <skipped/>
  </testcase> <!-- loginTest -->
</testsuite> <!-- testcases.AppDataProvider -->
