<?xml version="1.0" encoding="UTF-8"?>
<!-- Generated by org.testng.reporters.JUnitReportReporter -->
<testsuite skipped="1" hostname="CybertekSchools-iMac-2.local" name="AppDataProvider" tests="4" failures="0" timestamp="04 Dec 2018 16:08:52 GMT" time="0.011" errors="0">
  <testcase name="logintest2" time="0.003" classname="AppDataProvider"/>
  <testcase name="logintest2" time="0.007" classname="AppDataProvider"/>
  <testcase name="logintest2" time="0.001" classname="AppDataProvider"/>
  <testcase name="loginTest" classname="AppDataProvider">
    <skipped/>
  </testcase> <!-- loginTest -->
</testsuite> <!-- AppDataProvider -->
