<?xml version="1.0" encoding="UTF-8"?>
<!-- Generated by org.testng.reporters.JUnitReportReporter -->
<testsuite skipped="0" hostname="CybertekSchools-iMac-2.local" name="AppBeforeAfterTest" tests="3" failures="0" timestamp="03 Dec 2018 17:43:29 GMT" time="0.009" errors="0">
  <testcase name="LoginTest" time="0.005" classname="AppBeforeAfterTest"/>
  <testcase name="PasswordChange" time="0.003" classname="AppBeforeAfterTest"/>
  <testcase name="LogoutTest" time="0.001" classname="AppBeforeAfterTest"/>
</testsuite> <!-- AppBeforeAfterTest -->
