<?xml version="1.0" encoding="UTF-8"?>
<!-- Generated by org.testng.reporters.JUnitReportReporter -->
<testsuite skipped="2" hostname="CybertekSchools-iMac-2.local" name="testcases2.AppSkipTest" tests="3" failures="0" timestamp="04 Dec 2018 19:39:04 GMT" time="0.005" errors="0">
  <testcase name="PasswordChange" time="0.003" classname="testcases2.AppSkipTest">
    <skipped/>
  </testcase> <!-- PasswordChange -->
  <testcase name="LogoutTest" time="0.002" classname="testcases2.AppSkipTest"/>
  <testcase name="LoginTest" classname="testcases2.AppSkipTest">
    <skipped/>
  </testcase> <!-- LoginTest -->
</testsuite> <!-- testcases2.AppSkipTest -->
