<?xml version="1.0" encoding="UTF-8"?>
<!-- Generated by org.testng.reporters.JUnitReportReporter -->
<testsuite skipped="0" hostname="CybertekSchools-iMac-2.local" name="testcases.App" tests="3" failures="0" timestamp="04 Dec 2018 19:38:17 GMT" time="0.001" errors="0">
  <testcase name="PasswordChange" time="0.000" classname="testcases.App"/>
  <testcase name="LogoutTest" time="0.000" classname="testcases.App"/>
  <testcase name="LoginTest" time="0.001" classname="testcases.App"/>
</testsuite> <!-- testcases.App -->
